{
  "RSpec": {
    "coverage": {
      "/workspaces/TKT21003/ratebeer/app/models/beer.rb": {
        "lines": [
          1,
          1,
          1,
          1,
          1,
          1,
          1,
          1,
          1,
          2,
          null,
          null,
          null,
          null,
          1,
          0,
          0,
          null,
          null
        ]
      },
      "/workspaces/TKT21003/ratebeer/app/models/application_record.rb": {
        "lines": [
          1,
          1,
          null
        ]
      },
      "/workspaces/TKT21003/ratebeer/app/models/concerns/rating_average.rb": {
        "lines": [
          1,
          1,
          null,
          1,
          10,
          null,
          null
        ]
      },
      "/workspaces/TKT21003/ratebeer/app/models/style.rb": {
        "lines": [
          1,
          1,
          null,
          1,
          1,
          null,
          1,
          8,
          null
        ]
      },
      "/workspaces/TKT21003/ratebeer/app/models/user.rb": {
        "lines": [
          1,
          1,
          1,
          1,
          null,
          1,
          null,
          null,
          null,
          null,
          null,
          1,
          1,
          1,
          1,
          null,
          1,
          19,
          18,
          null,
          null,
          1,
          19,
          null,
          50,
          null,
          18,
          30,
          null,
          null,
          48,
          null,
          null,
          1,
          19,
          49,
          18,
          19,
          null,
          37,
          null
        ]
      },
      "/workspaces/TKT21003/ratebeer/app/models/brewery.rb": {
        "lines": [
          1,
          1,
          1,
          null,
          1,
          1,
          1,
          null,
          40,
          null,
          null,
          1,
          0,
          0,
          0,
          null,
          null,
          1,
          0,
          0,
          null,
          null,
          null,
          null,
          null,
          null
        ]
      },
      "/workspaces/TKT21003/ratebeer/app/controllers/sessions_controller.rb": {
        "lines": [
          1,
          1,
          null,
          null,
          null,
          1,
          9,
          null,
          9,
          8,
          8,
          null,
          1,
          null,
          null,
          null,
          1,
          null,
          0,
          null,
          0,
          null,
          null
        ]
      },
      "/workspaces/TKT21003/ratebeer/app/controllers/application_controller.rb": {
        "lines": [
          1,
          null,
          1,
          null,
          1,
          109,
          83,
          null,
          null,
          1,
          4,
          null,
          null
        ]
      },
      "/workspaces/TKT21003/ratebeer/app/controllers/users_controller.rb": {
        "lines": [
          1,
          1,
          null,
          null,
          1,
          0,
          null,
          null,
          null,
          1,
          null,
          null,
          null,
          1,
          1,
          null,
          null,
          null,
          1,
          null,
          null,
          null,
          1,
          1,
          null,
          1,
          1,
          2,
          1,
          null,
          0,
          0,
          null,
          null,
          null,
          null,
          null,
          1,
          0,
          0,
          0,
          0,
          null,
          0,
          0,
          null,
          null,
          null,
          null,
          null,
          1,
          0,
          0,
          null,
          null,
          0,
          null,
          0,
          0,
          0,
          null,
          null,
          0,
          0,
          0,
          null,
          null,
          null,
          null,
          1,
          null,
          1,
          14,
          null,
          null,
          null,
          1,
          1,
          0,
          null,
          1,
          null,
          null,
          null
        ]
      },
      "/workspaces/TKT21003/ratebeer/app/models/rating.rb": {
        "lines": [
          1,
          1,
          1,
          1,
          null,
          null,
          null,
          1,
          13,
          null,
          null
        ]
      },
      "/workspaces/TKT21003/ratebeer/app/models/membership.rb": {
        "lines": [
          1,
          1,
          1,
          null,
          1,
          null
        ]
      },
      "/workspaces/TKT21003/ratebeer/app/models/beer_club.rb": {
        "lines": [
          1,
          1,
          1,
          1,
          1,
          1,
          1,
          null
        ]
      },
      "/workspaces/TKT21003/ratebeer/app/controllers/beers_controller.rb": {
        "lines": [
          1,
          1,
          1,
          1,
          1,
          null,
          1,
          1,
          1,
          null,
          null,
          null,
          1,
          0,
          0,
          null,
          null,
          null,
          1,
          2,
          2,
          2,
          null,
          null,
          null,
          1,
          0,
          0,
          null,
          null,
          null,
          1,
          2,
          null,
          2,
          2,
          2,
          1,
          null,
          1,
          1,
          2,
          1,
          null,
          null,
          null,
          null,
          1,
          0,
          0,
          0,
          0,
          null,
          0,
          0,
          0,
          0,
          null,
          null,
          null,
          null,
          null,
          1,
          0,
          null,
          0,
          0,
          0,
          null,
          null,
          null,
          1,
          null,
          1,
          0,
          null,
          null,
          null,
          1,
          4,
          null,
          null,
          null,
          1,
          2,
          null,
          null,
          1,
          4,
          4,
          null,
          null
        ]
      },
      "/workspaces/TKT21003/ratebeer/app/controllers/breweries_controller.rb": {
        "lines": [
          1,
          1,
          1,
          null,
          1,
          3,
          null,
          null,
          null,
          1,
          null,
          null,
          null,
          1,
          0,
          null,
          null,
          null,
          1,
          null,
          null,
          null,
          1,
          0,
          null,
          0,
          0,
          0,
          0,
          null,
          0,
          0,
          null,
          null,
          null,
          null,
          null,
          1,
          0,
          0,
          0,
          0,
          null,
          0,
          0,
          null,
          null,
          null,
          null,
          null,
          1,
          0,
          null,
          0,
          0,
          0,
          null,
          null,
          null,
          1,
          null,
          1,
          1,
          null,
          null,
          null,
          1,
          0,
          null,
          null,
          null,
          1,
          0,
          null,
          0,
          0,
          null,
          null,
          null
        ]
      },
      "/workspaces/TKT21003/ratebeer/app/services/beermapping_api.rb": {
        "lines": [
          1,
          1,
          0,
          0,
          null,
          null,
          null,
          1,
          5,
          null,
          5,
          5,
          null,
          5,
          null,
          4,
          4,
          6,
          null,
          null,
          1,
          0,
          0,
          0,
          null,
          null,
          1,
          6,
          11,
          null,
          6,
          null,
          6,
          null,
          null
        ]
      },
      "/workspaces/TKT21003/ratebeer/app/models/place.rb": {
        "lines": [
          1,
          null,
          1,
          1,
          0,
          null
        ]
      },
      "/workspaces/TKT21003/ratebeer/app/controllers/places_controller.rb": {
        "lines": [
          1,
          1,
          null,
          1,
          0,
          null,
          0,
          0,
          null,
          null,
          0,
          null,
          1,
          4,
          4,
          1,
          1,
          null,
          0,
          0,
          null,
          null,
          null,
          1,
          null,
          1,
          0,
          0,
          0,
          null
        ]
      },
      "/workspaces/TKT21003/ratebeer/app/services/weather_api.rb": {
        "lines": [
          null,
          1,
          1,
          3,
          null,
          3,
          3,
          null,
          3,
          null,
          3,
          null,
          null,
          null,
          null,
          1,
          null,
          1,
          null,
          1,
          null,
          null,
          null,
          null,
          null,
          null,
          null,
          0,
          null,
          0,
          null,
          null,
          1,
          3,
          0,
          0,
          null
        ]
      },
      "/workspaces/TKT21003/ratebeer/app/controllers/ratings_controller.rb": {
        "lines": [
          1,
          1,
          1,
          1,
          null,
          1,
          1,
          null,
          0,
          0,
          null,
          null,
          1,
          1,
          null,
          1,
          1,
          1,
          null,
          1,
          1,
          1,
          1,
          null,
          null
        ]
      },
      "/workspaces/TKT21003/ratebeer/app/controllers/styles_controller.rb": {
        "lines": [
          1,
          1,
          1,
          null,
          null,
          1,
          1,
          0,
          null
        ]
      },
      "/workspaces/TKT21003/ratebeer/app/controllers/beer_clubs_controller.rb": {
        "lines": [
          0,
          0,
          0,
          null,
          0,
          0,
          0,
          null,
          null,
          0,
          0,
          0,
          0,
          null,
          null,
          0,
          0,
          0,
          null,
          null,
          0,
          0,
          null,
          null,
          0,
          0,
          null,
          0,
          0,
          0,
          0,
          0,
          0,
          0,
          0,
          0,
          0,
          null,
          null,
          0,
          0,
          0,
          0,
          0,
          0,
          0,
          0,
          0,
          0,
          0,
          null,
          null,
          0,
          0,
          null,
          0,
          0,
          0,
          0,
          0,
          null,
          0,
          null,
          0,
          0,
          0,
          null,
          null,
          0,
          0,
          0,
          0
        ],
        "branches": {}
      },
      "/workspaces/TKT21003/ratebeer/app/controllers/memberships_controller.rb": {
        "lines": [
          0,
          0,
          0,
          0,
          null,
          0,
          0,
          0,
          null,
          null,
          0,
          0,
          null,
          null,
          0,
          0,
          0,
          0,
          null,
          null,
          0,
          0,
          0,
          null,
          null,
          0,
          0,
          0,
          null,
          0,
          0,
          0,
          0,
          0,
          0,
          0,
          0,
          0,
          0,
          0,
          null,
          null,
          0,
          0,
          0,
          0,
          0,
          0,
          0,
          0,
          0,
          0,
          0,
          null,
          null,
          0,
          0,
          0,
          0,
          0,
          null,
          0,
          null,
          0,
          null,
          0,
          0,
          0,
          0,
          0,
          null,
          0,
          null,
          0,
          0,
          0,
          null,
          null,
          0,
          0,
          0,
          0,
          0,
          0,
          0
        ],
        "branches": {}
      },
      "/workspaces/TKT21003/ratebeer/app/helpers/application_helper.rb": {
        "lines": [
          0,
          0
        ],
        "branches": {}
      },
      "/workspaces/TKT21003/ratebeer/app/helpers/beer_clubs_helper.rb": {
        "lines": [
          0,
          0
        ],
        "branches": {}
      },
      "/workspaces/TKT21003/ratebeer/app/helpers/beers_helper.rb": {
        "lines": [
          0,
          0
        ],
        "branches": {}
      },
      "/workspaces/TKT21003/ratebeer/app/helpers/breweries_helper.rb": {
        "lines": [
          0,
          0
        ],
        "branches": {}
      },
      "/workspaces/TKT21003/ratebeer/app/helpers/memberships_helper.rb": {
        "lines": [
          0,
          0
        ],
        "branches": {}
      },
      "/workspaces/TKT21003/ratebeer/app/helpers/styles_helper.rb": {
        "lines": [
          0,
          0
        ],
        "branches": {}
      },
      "/workspaces/TKT21003/ratebeer/app/helpers/users_helper.rb": {
        "lines": [
          0,
          0
        ],
        "branches": {}
      },
      "/workspaces/TKT21003/ratebeer/app/jobs/application_job.rb": {
        "lines": [
          0,
          null,
          null,
          null,
          null,
          null,
          0
        ],
        "branches": {}
      },
      "/workspaces/TKT21003/ratebeer/app/mailers/application_mailer.rb": {
        "lines": [
          0,
          0,
          0,
          0
        ],
        "branches": {}
      }
    },
    "timestamp": 1747395581
  }
}
